# JRE version: OpenJDK Runtime Environment Temurin-17.0.7+7 (17.0.7+7) (build 17.0.7+7)
# Java VM: OpenJDK 64-Bit Server VM Temurin-17.0.7+7 (17.0.7+7, mixed mode, tiered, compressed oops, compressed class ptrs, g1 gc, windows-amd64)
GC Precious Log:
 CPUs: 12 total, 12 available
 Memory: 32605M
 Large Page Support: Disabled
 NUMA Support: Disabled
 Compressed Oops: Enabled (32-bit)
 Heap Region Size: 1M
 Heap Min Capacity: 256M
 Heap Initial Capacity: 256M
 Heap Max Capacity: 1G
 Pre-touch: Disabled
 Parallel Workers: 10
 Concurrent Workers: 3
 Concurrent Refinement Workers: 10
 Periodic GC: Disabled
Heap:
 garbage-first heap   total 262144K, used 27656K [0x00000000c0000000, 0x0000000100000000)
  region size 1024K, 16 young (16384K), 14 survivors (14336K)
 Metaspace       used 36089K, committed 36288K, reserved 1114112K
  class space    used 3653K, committed 3712K, reserved 1048576K
GC Heap History (8 events):
Event: 1.386 GC heap before
{Heap before GC invocations=0 (full 0):
 garbage-first heap   total 262144K, used 26624K [0x00000000c0000000, 0x0000000100000000)
  region size 1024K, 23 young (23552K), 0 survivors (0K)
 Metaspace       used 16208K, committed 16448K, reserved 1114112K
  class space    used 1555K, committed 1664K, reserved 1048576K
}
Event: 1.394 GC heap after
{Heap after GC invocations=1 (full 0):
 garbage-first heap   total 262144K, used 11770K [0x00000000c0000000, 0x0000000100000000)
  region size 1024K, 3 young (3072K), 3 survivors (3072K)
 Metaspace       used 16208K, committed 16448K, reserved 1114112K
  class space    used 1555K, committed 1664K, reserved 1048576K
}
Event: 2.113 GC heap before
{Heap before GC invocations=1 (full 0):
 garbage-first heap   total 262144K, used 31226K [0x00000000c0000000, 0x0000000100000000)
  region size 1024K, 23 young (23552K), 3 survivors (3072K)
 Metaspace       used 21292K, committed 21504K, reserved 1114112K
  class space    used 2123K, committed 2240K, reserved 1048576K
}
Event: 2.120 GC heap after
{Heap after GC invocations=2 (full 0):
 garbage-first heap   total 262144K, used 14333K [0x00000000c0000000, 0x0000000100000000)
  region size 1024K, 3 young (3072K), 3 survivors (3072K)
 Metaspace       used 21292K, committed 21504K, reserved 1114112K
  class space    used 2123K, committed 2240K, reserved 1048576K
}
Event: 10.122 GC heap before
{Heap before GC invocations=3 (full 0):
 garbage-first heap   total 262144K, used 57341K [0x00000000c0000000, 0x0000000100000000)
  region size 1024K, 45 young (46080K), 3 survivors (3072K)
 Metaspace       used 31955K, committed 32192K, reserved 1114112K
  class space    used 3284K, committed 3392K, reserved 1048576K
}
Event: 10.134 GC heap after
{Heap after GC invocations=4 (full 0):
 garbage-first heap   total 262144K, used 18458K [0x00000000c0000000, 0x0000000100000000)
  region size 1024K, 6 young (6144K), 6 survivors (6144K)
 Metaspace       used 31955K, committed 32192K, reserved 1114112K
  class space    used 3284K, committed 3392K, reserved 1048576K
}
Event: 11.034 GC heap before
{Heap before GC invocations=4 (full 0):
 garbage-first heap   total 262144K, used 50202K [0x00000000c0000000, 0x0000000100000000)
  region size 1024K, 38 young (38912K), 6 survivors (6144K)
 Metaspace       used 35670K, committed 35904K, reserved 1114112K
  class space    used 3627K, committed 3712K, reserved 1048576K
}
Event: 11.048 GC heap after
{Heap after GC invocations=5 (full 0):
 garbage-first heap   total 262144K, used 26632K [0x00000000c0000000, 0x0000000100000000)
  region size 1024K, 14 young (14336K), 14 survivors (14336K)
 Metaspace       used 35670K, committed 35904K, reserved 1114112K
  class space    used 3627K, committed 3712K, reserved 1048576K
}

