# JRE version: OpenJDK Runtime Environment Temurin-17.0.7+7 (17.0.7+7) (build 17.0.7+7)
# Java VM: OpenJDK 64-Bit Server VM Temurin-17.0.7+7 (17.0.7+7, mixed mode, tiered, compressed oops, compressed class ptrs, g1 gc, linux-amd64)
GC Precious Log:
 CPUs: 12 total, 12 available
 Memory: 31923M
 Large Page Support: Disabled
 NUMA Support: Disabled
 Compressed Oops: Enabled (32-bit)
 Heap Region Size: 1M
 Heap Min Capacity: 256M
 Heap Initial Capacity: 256M
 Heap Max Capacity: 1G
 Pre-touch: Disabled
 Parallel Workers: 10
 Concurrent Workers: 3
 Concurrent Refinement Workers: 10
 Periodic GC: Disabled
Heap:
 garbage-first heap   total 485376K, used 240640K [0x00000000c0000000, 0x0000000100000000)
  region size 1024K, 37 young (37888K), 4 survivors (4096K)
 Metaspace       used 49636K, committed 50304K, reserved 1114112K
  class space    used 4860K, committed 5120K, reserved 1048576K
GC Heap History (20 events):
Event: 18.057 GC heap before
{Heap before GC invocations=22 (full 0):
 garbage-first heap   total 485376K, used 401590K [0x00000000c0000000, 0x0000000100000000)
  region size 1024K, 193 young (197632K), 1 survivors (1024K)
 Metaspace       used 48516K, committed 49024K, reserved 1114112K
  class space    used 4812K, committed 5056K, reserved 1048576K
}
Event: 18.062 GC heap after
{Heap after GC invocations=23 (full 0):
 garbage-first heap   total 485376K, used 209090K [0x00000000c0000000, 0x0000000100000000)
  region size 1024K, 5 young (5120K), 5 survivors (5120K)
 Metaspace       used 48516K, committed 49024K, reserved 1114112K
  class space    used 4812K, committed 5056K, reserved 1048576K
}
Event: 18.646 GC heap before
{Heap before GC invocations=23 (full 0):
 garbage-first heap   total 485376K, used 405698K [0x00000000c0000000, 0x0000000100000000)
  region size 1024K, 198 young (202752K), 5 survivors (5120K)
 Metaspace       used 48671K, committed 49152K, reserved 1114112K
  class space    used 4817K, committed 5056K, reserved 1048576K
}
Event: 18.650 GC heap after
{Heap after GC invocations=24 (full 0):
 garbage-first heap   total 485376K, used 210420K [0x00000000c0000000, 0x0000000100000000)
  region size 1024K, 6 young (6144K), 6 survivors (6144K)
 Metaspace       used 48671K, committed 49152K, reserved 1114112K
  class space    used 4817K, committed 5056K, reserved 1048576K
}
Event: 19.175 GC heap before
{Heap before GC invocations=24 (full 0):
 garbage-first heap   total 485376K, used 409076K [0x00000000c0000000, 0x0000000100000000)
  region size 1024K, 201 young (205824K), 6 survivors (6144K)
 Metaspace       used 48927K, committed 49408K, reserved 1114112K
  class space    used 4829K, committed 5056K, reserved 1048576K
}
Event: 19.180 GC heap after
{Heap after GC invocations=25 (full 0):
 garbage-first heap   total 485376K, used 213588K [0x00000000c0000000, 0x0000000100000000)
  region size 1024K, 9 young (9216K), 9 survivors (9216K)
 Metaspace       used 48927K, committed 49408K, reserved 1114112K
  class space    used 4829K, committed 5056K, reserved 1048576K
}
Event: 19.693 GC heap before
{Heap before GC invocations=25 (full 0):
 garbage-first heap   total 485376K, used 410196K [0x00000000c0000000, 0x0000000100000000)
  region size 1024K, 202 young (206848K), 9 survivors (9216K)
 Metaspace       used 49143K, committed 49600K, reserved 1114112K
  class space    used 4832K, committed 5056K, reserved 1048576K
}
Event: 19.699 GC heap after
{Heap after GC invocations=26 (full 0):
 garbage-first heap   total 485376K, used 217144K [0x00000000c0000000, 0x0000000100000000)
  region size 1024K, 13 young (13312K), 13 survivors (13312K)
 Metaspace       used 49143K, committed 49600K, reserved 1114112K
  class space    used 4832K, committed 5056K, reserved 1048576K
}
Event: 20.177 GC heap before
{Heap before GC invocations=26 (full 0):
 garbage-first heap   total 485376K, used 415800K [0x00000000c0000000, 0x0000000100000000)
  region size 1024K, 199 young (203776K), 13 survivors (13312K)
 Metaspace       used 49277K, committed 49728K, reserved 1114112K
  class space    used 4835K, committed 5056K, reserved 1048576K
}
Event: 20.198 GC heap after
{Heap after GC invocations=27 (full 0):
 garbage-first heap   total 485376K, used 262696K [0x00000000c0000000, 0x0000000100000000)
  region size 1024K, 25 young (25600K), 25 survivors (25600K)
 Metaspace       used 49277K, committed 49728K, reserved 1114112K
  class space    used 4835K, committed 5056K, reserved 1048576K
}
Event: 20.687 GC heap before
{Heap before GC invocations=27 (full 0):
 garbage-first heap   total 485376K, used 395816K [0x00000000c0000000, 0x0000000100000000)
  region size 1024K, 155 young (158720K), 25 survivors (25600K)
 Metaspace       used 49739K, committed 50240K, reserved 1114112K
  class space    used 4891K, committed 5120K, reserved 1048576K
}
Event: 20.705 GC heap after
{Heap after GC invocations=28 (full 0):
 garbage-first heap   total 485376K, used 273164K [0x00000000c0000000, 0x0000000100000000)
  region size 1024K, 9 young (9216K), 9 survivors (9216K)
 Metaspace       used 49739K, committed 50240K, reserved 1114112K
  class space    used 4891K, committed 5120K, reserved 1048576K
}
Event: 21.133 GC heap before
{Heap before GC invocations=29 (full 0):
 garbage-first heap   total 485376K, used 341772K [0x00000000c0000000, 0x0000000100000000)
  region size 1024K, 134 young (137216K), 9 survivors (9216K)
 Metaspace       used 49496K, committed 50304K, reserved 1114112K
  class space    used 4850K, committed 5120K, reserved 1048576K
}
Event: 21.142 GC heap after
{Heap after GC invocations=30 (full 0):
 garbage-first heap   total 485376K, used 224110K [0x00000000c0000000, 0x0000000100000000)
  region size 1024K, 17 young (17408K), 17 survivors (17408K)
 Metaspace       used 49496K, committed 50304K, reserved 1114112K
  class space    used 4850K, committed 5120K, reserved 1048576K
}
Event: 21.171 GC heap before
{Heap before GC invocations=30 (full 0):
 garbage-first heap   total 485376K, used 230254K [0x00000000c0000000, 0x0000000100000000)
  region size 1024K, 23 young (23552K), 17 survivors (17408K)
 Metaspace       used 49498K, committed 50304K, reserved 1114112K
  class space    used 4850K, committed 5120K, reserved 1048576K
}
Event: 21.182 GC heap after
{Heap after GC invocations=31 (full 0):
 garbage-first heap   total 485376K, used 206088K [0x00000000c0000000, 0x0000000100000000)
  region size 1024K, 3 young (3072K), 3 survivors (3072K)
 Metaspace       used 49498K, committed 50304K, reserved 1114112K
  class space    used 4850K, committed 5120K, reserved 1048576K
}
Event: 21.683 GC heap before
{Heap before GC invocations=31 (full 0):
 garbage-first heap   total 485376K, used 384264K [0x00000000c0000000, 0x0000000100000000)
  region size 1024K, 178 young (182272K), 3 survivors (3072K)
 Metaspace       used 49556K, committed 50304K, reserved 1114112K
  class space    used 4854K, committed 5120K, reserved 1048576K
}
Event: 21.686 GC heap after
{Heap after GC invocations=32 (full 0):
 garbage-first heap   total 485376K, used 207758K [0x00000000c0000000, 0x0000000100000000)
  region size 1024K, 4 young (4096K), 4 survivors (4096K)
 Metaspace       used 49556K, committed 50304K, reserved 1114112K
  class space    used 4854K, committed 5120K, reserved 1048576K
}
Event: 22.172 GC heap before
{Heap before GC invocations=32 (full 0):
 garbage-first heap   total 485376K, used 392078K [0x00000000c0000000, 0x0000000100000000)
  region size 1024K, 185 young (189440K), 4 survivors (4096K)
 Metaspace       used 49632K, committed 50304K, reserved 1114112K
  class space    used 4860K, committed 5120K, reserved 1048576K
}
Event: 22.175 GC heap after
{Heap after GC invocations=33 (full 0):
 garbage-first heap   total 485376K, used 207872K [0x00000000c0000000, 0x0000000100000000)
  region size 1024K, 4 young (4096K), 4 survivors (4096K)
 Metaspace       used 49632K, committed 50304K, reserved 1114112K
  class space    used 4860K, committed 5120K, reserved 1048576K
}

